web_static/
web_static/0-index.html
web_static/1-index.html
web_static/100-index.html
web_static/101-index.html
web_static/102-index.html
web_static/103-index.html
web_static/2-index.html
web_static/3-index.html
web_static/4-index.html
web_static/5-index.html
web_static/6-index.html
web_static/7-index.html
web_static/8-index.html
web_static/README.md
web_static/images/
web_static/images/icon.ico
web_static/images/icon_bath.png
web_static/images/icon_bed.png
web_static/images/icon_group.png
web_static/images/icon_pets.png
web_static/images/icon_tv.png
web_static/images/icon_wifi.png
web_static/images/logo.png
web_static/styles/
web_static/styles/100-places.css
web_static/styles/101-places.css
web_static/styles/102-common.css
web_static/styles/102-filters.css
web_static/styles/102-footer.css
web_static/styles/102-header.css
web_static/styles/102-places.css
web_static/styles/103-common.css
web_static/styles/103-filters.css
web_static/styles/103-footer.css
web_static/styles/103-header.css
web_static/styles/103-places.css
web_static/styles/2-common.css
web_static/styles/2-footer.css
web_static/styles/2-header.css
web_static/styles/3-common.css
web_static/styles/3-footer.css
web_static/styles/3-header.css
web_static/styles/4-common.css
web_static/styles/4-filters.css
web_static/styles/5-filters.css
web_static/styles/6-filters.css
web_static/styles/7-places.css
web_static/styles/8-places.css
